<?xml version="1.0" encoding="UTF-8"?>
<!-- Generated by org.testng.reporters.JUnitXMLReporter -->
<testsuite hostname="NGL010915" ignored="7" name="Default test" tests="1" failures="0" timestamp="25 May 2020 08:34:51 GMT" time="172.043" errors="0">
  <testcase name="salutationPicklistValuesTest" time="4.893" classname="com.sf.qa.tests.LeadsPageTest"/>
  <testcase name="leadsLabelTest" time="0.0" classname="com.sf.qa.tests.LeadsPageTest">
    <ignored/>
  </testcase> <!-- leadsLabelTest -->
  <testcase name="defaultLeadStatusValueTest" time="0.0" classname="com.sf.qa.tests.LeadsPageTest">
    <ignored/>
  </testcase> <!-- defaultLeadStatusValueTest -->
  <testcase name="fieldsOnNewLeadWindowTest" time="0.0" classname="com.sf.qa.tests.LeadsPageTest">
    <ignored/>
  </testcase> <!-- fieldsOnNewLeadWindowTest -->
  <testcase name="changeLeadStatusTest" time="0.0" classname="com.sf.qa.tests.LeadsPageTest">
    <ignored/>
  </testcase> <!-- changeLeadStatusTest -->
  <testcase name="requiredFieldsMsgTest" time="0.0" classname="com.sf.qa.tests.LeadsPageTest">
    <ignored/>
  </testcase> <!-- requiredFieldsMsgTest -->
  <testcase name="leadsPageTitleTest" time="0.0" classname="com.sf.qa.tests.LeadsPageTest">
    <ignored/>
  </testcase> <!-- leadsPageTitleTest -->
  <testcase name="createNewLeadTest" time="0.0" classname="com.sf.qa.tests.LeadsPageTest">
    <ignored/>
  </testcase> <!-- createNewLeadTest -->
</testsuite> <!-- Default test -->
