<?xml version="1.0" encoding="UTF-8"?>
<!-- Generated by org.testng.reporters.JUnitXMLReporter -->
<testsuite hostname="NGL010915" ignored="0" name="Default test" tests="5" failures="0" timestamp="08 Jun 2020 09:24:17 GMT" time="68.847" errors="0">
  <testcase name="verifyLoginPageTitleTest" time="0.113" classname="com.sf.qa.tests.ColesLoginPageTest"/>
  <testcase name="verifySalesforceLogoTest" time="0.14" classname="com.sf.qa.tests.ColesLoginPageTest"/>
  <testcase name="verifyForgotPasswordLinkTest" time="0.611" classname="com.sf.qa.tests.ColesLoginPageTest"/>
  <testcase name="verifyRemembermeCheckboxTest" time="0.041" classname="com.sf.qa.tests.ColesLoginPageTest"/>
  <testcase name="verifyUserLoginTest" time="5.093" classname="com.sf.qa.tests.ColesLoginPageTest"/>
</testsuite> <!-- Default test -->
