<?xml version="1.0" encoding="UTF-8"?>
<testng-results skipped="0" failed="0" ignored="7" total="8" passed="1">
  <reporter-output>
  </reporter-output>
  <suite name="Default suite" duration-ms="172043" started-at="2020-05-25T08:31:59Z" finished-at="2020-05-25T08:34:51Z">
    <groups>
    </groups>
    <test name="Default test" duration-ms="172043" started-at="2020-05-25T08:31:59Z" finished-at="2020-05-25T08:34:51Z">
      <class name="com.sf.qa.tests.LeadsPageTest">
        <test-method status="PASS" signature="setUp()[pri:0, instance:com.sf.qa.tests.LeadsPageTest@3c0ecd4b]" name="setUp" is-config="true" duration-ms="165841" started-at="2020-05-25T08:31:59Z" finished-at="2020-05-25T08:34:45Z">
          <reporter-output>
          </reporter-output>
        </test-method> <!-- setUp -->
        <test-method status="PASS" signature="salutationPicklistValuesTest()[pri:5, instance:com.sf.qa.tests.LeadsPageTest@3c0ecd4b]" name="salutationPicklistValuesTest" duration-ms="4893" started-at="2020-05-25T08:34:45Z" finished-at="2020-05-25T08:34:50Z">
          <reporter-output>
          </reporter-output>
        </test-method> <!-- salutationPicklistValuesTest -->
        <test-method status="PASS" signature="tearDown()[pri:0, instance:com.sf.qa.tests.LeadsPageTest@3c0ecd4b]" name="tearDown" is-config="true" duration-ms="1267" started-at="2020-05-25T08:34:50Z" finished-at="2020-05-25T08:34:51Z">
          <reporter-output>
          </reporter-output>
        </test-method> <!-- tearDown -->
      </class> <!-- com.sf.qa.tests.LeadsPageTest -->
    </test> <!-- Default test -->
  </suite> <!-- Default suite -->
</testng-results>
