<?xml version="1.0" encoding="UTF-8"?>
<testng-results skipped="0" failed="0" ignored="9" total="10" passed="1">
  <reporter-output>
  </reporter-output>
  <suite name="Default suite" duration-ms="193718" started-at="2020-05-30T06:25:04Z" finished-at="2020-05-30T06:28:18Z">
    <groups>
    </groups>
    <test name="Default test" duration-ms="193718" started-at="2020-05-30T06:25:04Z" finished-at="2020-05-30T06:28:18Z">
      <class name="com.sf.qa.tests.LeadsPageTest">
        <test-method status="PASS" signature="setUp()[pri:0, instance:com.sf.qa.tests.LeadsPageTest@3c0ecd4b]" name="setUp" is-config="true" duration-ms="121227" started-at="2020-05-30T06:25:04Z" finished-at="2020-05-30T06:27:05Z">
          <reporter-output>
          </reporter-output>
        </test-method> <!-- setUp -->
        <test-method status="PASS" signature="changeLeadStatusToConvertedUsingPathLinkTest()[pri:10, instance:com.sf.qa.tests.LeadsPageTest@3c0ecd4b]" name="changeLeadStatusToConvertedUsingPathLinkTest" duration-ms="71082" started-at="2020-05-30T06:27:05Z" finished-at="2020-05-30T06:28:16Z">
          <reporter-output>
          </reporter-output>
        </test-method> <!-- changeLeadStatusToConvertedUsingPathLinkTest -->
        <test-method status="PASS" signature="tearDown()[pri:0, instance:com.sf.qa.tests.LeadsPageTest@3c0ecd4b]" name="tearDown" is-config="true" duration-ms="1362" started-at="2020-05-30T06:28:16Z" finished-at="2020-05-30T06:28:18Z">
          <reporter-output>
          </reporter-output>
        </test-method> <!-- tearDown -->
      </class> <!-- com.sf.qa.tests.LeadsPageTest -->
    </test> <!-- Default test -->
  </suite> <!-- Default suite -->
</testng-results>
