<?xml version="1.0" encoding="UTF-8"?>
<!-- Generated by org.testng.reporters.JUnitXMLReporter -->
<testsuite hostname="NGL010915" ignored="0" name="SF Application Test Cases" tests="11" failures="1" timestamp="22 May 2020 13:41:56 GMT" time="1166.063" errors="0">
  <testcase name="loginPageTitleTest" time="0.07" classname="com.sf.qa.tests.LoginPageTest"/>
  <testcase name="homePageTitleTest" time="0.0" classname="com.sf.qa.tests.HomePageTest"/>
  <testcase name="leadsLabelTest" time="0.51" classname="com.sf.qa.tests.LeadsPageTest"/>
  <testcase name="sfLogoTest" time="0.065" classname="com.sf.qa.tests.LoginPageTest"/>
  <testcase name="assistantLabelTest" time="0.052" classname="com.sf.qa.tests.HomePageTest"/>
  <testcase name="requiredFieldsTest" time="43.993" classname="com.sf.qa.tests.LeadsPageTest">
    <failure type="org.openqa.selenium.TimeoutException" message="Expected condition failed: waiting for visibility of Proxy element for: DefaultElementLocator &amp;apos;By.xpath: //li[contains(text(),&amp;apos;These required fields must be completed: Company,&amp;apos;)]&amp;apos; (tried for 20 second(s) with 500 milliseconds interval)">
      <![CDATA[org.openqa.selenium.TimeoutException: Expected condition failed: waiting for visibility of Proxy element for: DefaultElementLocator 'By.xpath: //li[contains(text(),'These required fields must be completed: Company,')]' (tried for 20 second(s) with 500 milliseconds interval)
at org.openqa.selenium.support.ui.WebDriverWait.timeoutException(WebDriverWait.java:95)
at org.openqa.selenium.support.ui.FluentWait.until(FluentWait.java:272)
at com.sf.qa.pages.LeadsPage.validateRequiredFields(LeadsPage.java:51)
at com.sf.qa.tests.LeadsPageTest.requiredFieldsTest(LeadsPageTest.java:72)
Caused by: org.openqa.selenium.NoSuchElementException: no such element: Unable to locate element: {"method":"xpath","selector":"//li[contains(text(),'These required fields must be completed: Company,')]"}
  (Session info: chrome=81.0.4044.138)
For documentation on this error, please visit: https://www.seleniumhq.org/exceptions/no_such_element.html
Build info: version: '3.141.59', revision: 'e82be7d358', time: '2018-11-14T08:17:03'
System info: host: 'NGL010915', ip: '192.168.43.60', os.name: 'Windows 10', os.arch: 'amd64', os.version: '10.0', java.version: '1.8.0_144'
Driver info: org.openqa.selenium.chrome.ChromeDriver
Capabilities {acceptInsecureCerts: false, browserName: chrome, browserVersion: 81.0.4044.138, chrome: {chromedriverVersion: 81.0.4044.138 (8c6c7ba89cc9..., userDataDir: C:\Users\DEVEND~1\AppData\L...}, goog:chromeOptions: {debuggerAddress: localhost:53421}, javascriptEnabled: true, networkConnectionEnabled: false, pageLoadStrategy: normal, platform: WINDOWS, platformName: WINDOWS, proxy: Proxy(), setWindowRect: true, strictFileInteractability: false, timeouts: {implicit: 0, pageLoad: 300000, script: 30000}, unhandledPromptBehavior: dismiss and notify, webauthn:virtualAuthenticators: true}
Session ID: a1058ea9e6fc79884c183b44b5af56da
*** Element info: {Using=xpath, value=//li[contains(text(),'These required fields must be completed: Company,')]}
at org.openqa.selenium.remote.http.W3CHttpResponseCodec.createException(W3CHttpResponseCodec.java:187)
at org.openqa.selenium.remote.http.W3CHttpResponseCodec.decode(W3CHttpResponseCodec.java:122)
at org.openqa.selenium.remote.http.W3CHttpResponseCodec.decode(W3CHttpResponseCodec.java:49)
at org.openqa.selenium.remote.HttpCommandExecutor.execute(HttpCommandExecutor.java:158)
at org.openqa.selenium.remote.service.DriverCommandExecutor.execute(DriverCommandExecutor.java:83)
at org.openqa.selenium.remote.RemoteWebDriver.execute(RemoteWebDriver.java:552)
at org.openqa.selenium.remote.RemoteWebDriver.findElement(RemoteWebDriver.java:323)
at org.openqa.selenium.remote.RemoteWebDriver.findElementByXPath(RemoteWebDriver.java:428)
at org.openqa.selenium.By$ByXPath.findElement(By.java:353)
at org.openqa.selenium.remote.RemoteWebDriver.findElement(RemoteWebDriver.java:315)
at org.openqa.selenium.support.events.EventFiringWebDriver.lambda$new$1(EventFiringWebDriver.java:105)
at com.sun.proxy.$Proxy8.findElement(Unknown Source)
at org.openqa.selenium.support.events.EventFiringWebDriver.findElement(EventFiringWebDriver.java:194)
at org.openqa.selenium.support.pagefactory.DefaultElementLocator.findElement(DefaultElementLocator.java:69)
at org.openqa.selenium.support.pagefactory.internal.LocatingElementHandler.invoke(LocatingElementHandler.java:38)
at com.sun.proxy.$Proxy12.isDisplayed(Unknown Source)
at org.openqa.selenium.support.ui.ExpectedConditions.elementIfVisible(ExpectedConditions.java:314)
at org.openqa.selenium.support.ui.ExpectedConditions.access$000(ExpectedConditions.java:43)
at org.openqa.selenium.support.ui.ExpectedConditions$10.apply(ExpectedConditions.java:300)
at org.openqa.selenium.support.ui.ExpectedConditions$10.apply(ExpectedConditions.java:297)
at org.openqa.selenium.support.ui.FluentWait.until(FluentWait.java:249)
... 27 more
... Removed 32 stack frames]]>
    </failure>
  </testcase> <!-- requiredFieldsTest -->
  <testcase name="loginTest" time="5.401" classname="com.sf.qa.tests.LoginPageTest"/>
  <testcase name="leadTabTest" time="0.42" classname="com.sf.qa.tests.HomePageTest"/>
  <testcase name="createNewLeadTest" time="6.472" classname="com.sf.qa.tests.LeadsPageTest"/>
  <testcase name="createNewLeadTest" time="6.558" classname="com.sf.qa.tests.LeadsPageTest"/>
  <testcase name="createNewLeadTest" time="6.734" classname="com.sf.qa.tests.LeadsPageTest"/>
</testsuite> <!-- SF Application Test Cases -->
